<?xml version="1.0" encoding="UTF-8"?>
<!-- Generated by org.testng.reporters.JUnitXMLReporter -->
<testsuite ignored="0" hostname="DESKTOP-5BL66H4" failures="2" tests="9" name="ExecuteFailedTestCases" time="0.142" errors="0" timestamp="2023-03-23T12:37:29 IST">
  <testcase classname="RetryLogicDemo.TestCaseExmple" name="TestCase01" time="0.029">
    <skipped/>
  </testcase> <!-- TestCase01 -->
  <testcase classname="RetryLogicDemo.TestCaseExmple" name="TestCase01" time="0.004">
    <skipped/>
  </testcase> <!-- TestCase01 -->
  <testcase classname="RetryLogicDemo.TestCaseExmple" name="TestCase01" time="0.002">
    <skipped/>
  </testcase> <!-- TestCase01 -->
  <testcase classname="RetryLogicDemo.TestCaseExmple" name="TestCase01" time="0.001">
    <failure type="java.lang.AssertionError" message="expected [true] but found [false]">
      <![CDATA[java.lang.AssertionError: expected [true] but found [false]
at RetryLogicDemo.TestCaseExmple.TestCase01(TestCaseExmple.java:11)
at java.base/java.util.ArrayList.forEach(ArrayList.java:1511)
... Removed 29 stack frames]]>
    </failure>
  </testcase> <!-- TestCase01 -->
  <testcase classname="RetryLogicDemo.TestCaseExmple" name="TestCase02" time="0.003">
    <skipped/>
  </testcase> <!-- TestCase02 -->
  <testcase classname="RetryLogicDemo.TestCaseExmple" name="TestCase02" time="0.003">
    <skipped/>
  </testcase> <!-- TestCase02 -->
  <testcase classname="RetryLogicDemo.TestCaseExmple" name="TestCase02" time="0.001">
    <skipped/>
  </testcase> <!-- TestCase02 -->
  <testcase classname="RetryLogicDemo.TestCaseExmple" name="TestCase02" time="0.002">
    <failure type="java.lang.AssertionError" message="expected [true] but found [false]">
      <![CDATA[java.lang.AssertionError: expected [true] but found [false]
at RetryLogicDemo.TestCaseExmple.TestCase02(TestCaseExmple.java:17)
at java.base/java.util.ArrayList.forEach(ArrayList.java:1511)
... Removed 29 stack frames]]>
    </failure>
  </testcase> <!-- TestCase02 -->
  <testcase classname="RetryLogicDemo.TestCaseExmple" name="TestCase03" time="0.002"/>
</testsuite> <!-- ExecuteFailedTestCases -->
